<?xml version="1.0" encoding="UTF-8"?>
<!-- Generated by org.testng.reporters.JUnitReportReporter -->
<testsuite skipped="0" hostname="vardhan-PC" name="williamssonoma1.williamssonoma1.ValidationOfAddToCartAndSaveForLater" tests="8" failures="0" timestamp="23 Sep 2018 23:03:00 GMT" time="83.021" errors="0">
  <testcase name="LaunchURL" time="24.439" classname="williamssonoma1.williamssonoma1.ValidationOfAddToCartAndSaveForLater"/>
  <testcase name="AddtoCart" time="0.641" classname="williamssonoma1.williamssonoma1.ValidationOfAddToCartAndSaveForLater"/>
  <testcase name="SelectDesiredItems" time="14.817" classname="williamssonoma1.williamssonoma1.ValidationOfAddToCartAndSaveForLater"/>
  <testcase name="quitbrowser" time="0.001" classname="williamssonoma1.williamssonoma1.ValidationOfAddToCartAndSaveForLater"/>
  <testcase name="LoginUrl" time="12.347" classname="williamssonoma1.williamssonoma1.ValidationOfAddToCartAndSaveForLater"/>
  <testcase name="SaveForLater" time="5.989" classname="williamssonoma1.williamssonoma1.ValidationOfAddToCartAndSaveForLater"/>
  <testcase name="SelectTeaKettles" time="14.345" classname="williamssonoma1.williamssonoma1.ValidationOfAddToCartAndSaveForLater"/>
  <testcase name="CheckOut" time="10.442" classname="williamssonoma1.williamssonoma1.ValidationOfAddToCartAndSaveForLater"/>
</testsuite> <!-- williamssonoma1.williamssonoma1.ValidationOfAddToCartAndSaveForLater -->
