<?xml version="1.0" encoding="UTF-8"?>
<!-- Generated by org.testng.reporters.JUnitReportReporter -->
<testsuite skipped="0" hostname="vardhan-PC" name="williamssonoma1.williamssonoma1.WillismasSonomaB" tests="5" failures="0" timestamp="23 Sep 2018 19:32:36 GMT" time="77.655" errors="0">
  <testcase name="LoginUrl" time="9.945" classname="williamssonoma1.williamssonoma1.WillismasSonomaB"/>
  <testcase name="quitbrowser" time="0.006" classname="williamssonoma1.williamssonoma1.WillismasSonomaB"/>
  <testcase name="selectitem" time="32.624" classname="williamssonoma1.williamssonoma1.WillismasSonomaB"/>
  <testcase name="cookware" time="12.381" classname="williamssonoma1.williamssonoma1.WillismasSonomaB"/>
  <testcase name="LaunchURL" time="22.699" classname="williamssonoma1.williamssonoma1.WillismasSonomaB"/>
</testsuite> <!-- williamssonoma1.williamssonoma1.WillismasSonomaB -->
